2023-10-28 06:39:30,691 INFO o.a.j.u.JMeterUtils: Setting Locale to en_EN
2023-10-28 06:39:30,701 INFO o.a.j.JMeter: Loading user properties from: C:\Program Files\JMeter\bin\user.properties
2023-10-28 06:39:30,701 INFO o.a.j.JMeter: Loading system properties from: C:\Program Files\JMeter\bin\system.properties
2023-10-28 06:39:30,711 INFO o.a.j.JMeter: Copyright (c) 1998-2022 The Apache Software Foundation
2023-10-28 06:39:30,711 INFO o.a.j.JMeter: Version 5.5
2023-10-28 06:39:30,711 INFO o.a.j.JMeter: java.version=1.8.0_391
2023-10-28 06:39:30,711 INFO o.a.j.JMeter: java.vm.name=Java HotSpot(TM) 64-Bit Server VM
2023-10-28 06:39:30,711 INFO o.a.j.JMeter: os.name=Windows 10
2023-10-28 06:39:30,711 INFO o.a.j.JMeter: os.arch=amd64
2023-10-28 06:39:30,711 INFO o.a.j.JMeter: os.version=10.0
2023-10-28 06:39:30,711 INFO o.a.j.JMeter: file.encoding=Cp1251
2023-10-28 06:39:30,711 INFO o.a.j.JMeter: java.awt.headless=true
2023-10-28 06:39:30,711 INFO o.a.j.JMeter: Max memory     =1073741824
2023-10-28 06:39:30,711 INFO o.a.j.JMeter: Available Processors =8
2023-10-28 06:39:30,716 INFO o.a.j.JMeter: Default Locale=English (EN)
2023-10-28 06:39:30,716 INFO o.a.j.JMeter: JMeter  Locale=English (EN)
2023-10-28 06:39:30,716 INFO o.a.j.JMeter: JMeterHome=C:\Program Files\JMeter
2023-10-28 06:39:30,716 INFO o.a.j.JMeter: user.dir  =c:\Program Files\JMeter\bin\tests
2023-10-28 06:39:30,717 INFO o.a.j.JMeter: PWD       =C:\Program Files\JMeter\bin\tests
2023-10-28 06:39:30,717 INFO o.a.j.JMeter: IP: 192.168.0.106 Name: danxalu FullName: danxalu
2023-10-28 06:39:30,729 INFO o.a.j.JMeter: Setting property 'jmeter.reportgenerator.outputdir' to:'C:\Program Files\JMeter\bin\tests\results'
2023-10-28 06:39:30,730 INFO o.a.j.s.FileServer: Default base='c:\Program Files\JMeter\bin\tests'
2023-10-28 06:39:30,731 INFO o.a.j.s.FileServer: Set new base='C:\Program Files\JMeter\bin\tests'
2023-10-28 06:39:30,823 INFO o.a.j.s.SaveService: Testplan (JMX) version: 2.2. Testlog (JTL) version: 2.2
2023-10-28 06:39:30,844 INFO o.a.j.s.SaveService: Using SaveService properties file encoding UTF-8
2023-10-28 06:39:30,853 INFO o.a.j.s.SaveService: Using SaveService properties version 5.0
2023-10-28 06:39:30,857 INFO o.a.j.s.SaveService: Loading file: C:\Program Files\JMeter\bin\tests\test1.jmx
2023-10-28 06:39:30,885 INFO o.a.j.p.h.c.CookieManager: Settings: Delete null: true Check: true Allow variable: true Save: false Prefix: COOKIE_
2023-10-28 06:39:30,906 INFO o.a.j.p.h.s.HTTPSamplerBase: Parser for text/html is org.apache.jmeter.protocol.http.parser.LagartoBasedHtmlParser
2023-10-28 06:39:30,906 INFO o.a.j.p.h.s.HTTPSamplerBase: Parser for application/xhtml+xml is org.apache.jmeter.protocol.http.parser.LagartoBasedHtmlParser
2023-10-28 06:39:30,906 INFO o.a.j.p.h.s.HTTPSamplerBase: Parser for application/xml is org.apache.jmeter.protocol.http.parser.LagartoBasedHtmlParser
2023-10-28 06:39:30,906 INFO o.a.j.p.h.s.HTTPSamplerBase: Parser for text/xml is org.apache.jmeter.protocol.http.parser.LagartoBasedHtmlParser
2023-10-28 06:39:30,906 INFO o.a.j.p.h.s.HTTPSamplerBase: Parser for text/vnd.wap.wml is org.apache.jmeter.protocol.http.parser.RegexpHTMLParser
2023-10-28 06:39:30,906 INFO o.a.j.p.h.s.HTTPSamplerBase: Parser for text/css is org.apache.jmeter.protocol.http.parser.CssParser
2023-10-28 06:39:31,094 INFO o.a.j.JMeter: Creating summariser <summary>
2023-10-28 06:39:31,098 INFO o.a.j.r.d.ReportGenerator: ReportGenerator will use for Parsing the separator: ','
2023-10-28 06:39:31,098 INFO o.a.j.r.d.ReportGenerator: Will generate report at end of test from  results file: C:\Program Files\JMeter\bin\tests\results\res.csv
2023-10-28 06:39:31,098 INFO o.a.j.r.d.ReportGenerator: Reading report generator properties from: C:\Program Files\JMeter\bin\reportgenerator.properties
2023-10-28 06:39:31,099 INFO o.a.j.r.d.ReportGenerator: Merging with JMeter properties
2023-10-28 06:39:31,102 INFO o.a.j.r.c.ReportGeneratorConfiguration: Property 'jmeter.reportgenerator.temp_dir' not found, using default value 'temp' instead.
2023-10-28 06:39:31,104 INFO o.a.j.r.c.ReportGeneratorConfiguration: Property 'jmeter.reportgenerator.apdex_per_transaction' not found, using default value 'null' instead.
2023-10-28 06:39:31,104 INFO o.a.j.r.c.ReportGeneratorConfiguration: apdex_per_transaction is empty, not APDEX per transaction customization
2023-10-28 06:39:31,104 INFO o.a.j.r.c.ReportGeneratorConfiguration: Property 'jmeter.reportgenerator.sample_filter' not found, using default value 'null' instead.
2023-10-28 06:39:31,104 INFO o.a.j.r.c.ReportGeneratorConfiguration: Property 'jmeter.reportgenerator.report_title' not found, using default value 'null' instead.
2023-10-28 06:39:31,104 INFO o.a.j.r.c.ReportGeneratorConfiguration: Property 'jmeter.reportgenerator.start_date' not found, using default value 'null' instead.
2023-10-28 06:39:31,104 INFO o.a.j.r.c.ReportGeneratorConfiguration: Property 'jmeter.reportgenerator.end_date' not found, using default value 'null' instead.
2023-10-28 06:39:31,104 INFO o.a.j.r.c.ReportGeneratorConfiguration: Property 'jmeter.reportgenerator.date_format' not found, using default value 'null' instead.
2023-10-28 06:39:31,105 INFO o.a.j.r.c.ReportGeneratorConfiguration: Will use date range start date: null, end date: null
2023-10-28 06:39:31,108 INFO o.a.j.r.c.ReportGeneratorConfiguration: Property 'jmeter.reportgenerator.graph.totalTPS.exclude_controllers' not found, using default value 'false' instead.
2023-10-28 06:39:31,108 INFO o.a.j.r.c.ReportGeneratorConfiguration: Property 'jmeter.reportgenerator.graph.activeThreadsOverTime.exclude_controllers' not found, using default value 'false' instead.
2023-10-28 06:39:31,108 INFO o.a.j.r.c.ReportGeneratorConfiguration: Property 'jmeter.reportgenerator.graph.timeVsThreads.exclude_controllers' not found, using default value 'false' instead.
2023-10-28 06:39:31,108 INFO o.a.j.r.c.ReportGeneratorConfiguration: Property 'jmeter.reportgenerator.graph.responseTimeDistribution.exclude_controllers' not found, using default value 'false' instead.
2023-10-28 06:39:31,108 INFO o.a.j.r.c.ReportGeneratorConfiguration: Property 'jmeter.reportgenerator.graph.transactionsPerSecond.exclude_controllers' not found, using default value 'false' instead.
2023-10-28 06:39:31,108 INFO o.a.j.r.c.ReportGeneratorConfiguration: Property 'jmeter.reportgenerator.graph.responseTimePercentiles.exclude_controllers' not found, using default value 'false' instead.
2023-10-28 06:39:31,108 INFO o.a.j.r.c.ReportGeneratorConfiguration: Property 'jmeter.reportgenerator.graph.responseTimePercentilesOverTime.exclude_controllers' not found, using default value 'false' instead.
2023-10-28 06:39:31,108 INFO o.a.j.r.c.ReportGeneratorConfiguration: Property 'jmeter.reportgenerator.graph.responseTimesOverTime.exclude_controllers' not found, using default value 'false' instead.
2023-10-28 06:39:31,109 INFO o.a.j.r.c.ReportGeneratorConfiguration: Property 'jmeter.reportgenerator.graph.connectTimeOverTime.exclude_controllers' not found, using default value 'false' instead.
2023-10-28 06:39:31,109 INFO o.a.j.r.c.ReportGeneratorConfiguration: Property 'jmeter.reportgenerator.graph.latenciesOverTime.exclude_controllers' not found, using default value 'false' instead.
2023-10-28 06:39:31,109 INFO o.a.j.r.c.ReportGeneratorConfiguration: Property 'jmeter.reportgenerator.exporter.json.filters_only_sample_series' not found, using default value 'true' instead.
2023-10-28 06:39:31,109 INFO o.a.j.r.c.ReportGeneratorConfiguration: Property 'jmeter.reportgenerator.exporter.json.series_filter' not found, using default value '' instead.
2023-10-28 06:39:31,109 INFO o.a.j.r.c.ReportGeneratorConfiguration: Property 'jmeter.reportgenerator.exporter.json.show_controllers_only' not found, using default value 'false' instead.
2023-10-28 06:39:31,110 INFO o.a.j.r.c.ReportGeneratorConfiguration: Property 'jmeter.reportgenerator.exporter.html.filters_only_sample_series' not found, using default value 'true' instead.
2023-10-28 06:39:31,111 INFO o.a.j.r.c.ReportGeneratorConfiguration: Property 'jmeter.reportgenerator.exporter.html.series_filter' not found, using default value '' instead.
2023-10-28 06:39:31,111 INFO o.a.j.r.c.ReportGeneratorConfiguration: Property 'jmeter.reportgenerator.exporter.html.show_controllers_only' not found, using default value 'false' instead.
2023-10-28 06:39:31,117 INFO o.a.j.e.StandardJMeterEngine: Running the test!
2023-10-28 06:39:31,117 INFO o.a.j.s.SampleEvent: List of sample_variables: []
2023-10-28 06:39:31,117 INFO o.a.j.s.SampleEvent: List of sample_variables: []
2023-10-28 06:39:31,121 INFO o.a.j.e.u.CompoundVariable: Note: Function class names must contain the string: '.functions.'
2023-10-28 06:39:31,121 INFO o.a.j.e.u.CompoundVariable: Note: Function class names must not contain the string: '.gui.'
2023-10-28 06:39:31,351 INFO o.a.j.r.ResultCollector: Folder at C:\Program Files\JMeter\bin\tests\results was created
2023-10-28 06:39:31,358 INFO o.a.j.JMeter: Running test (1698464371358)
2023-10-28 06:39:31,393 INFO o.a.j.e.StandardJMeterEngine: Starting ThreadGroup: 1 : Script 1
2023-10-28 06:39:31,393 INFO o.a.j.e.StandardJMeterEngine: Starting 10 threads for group Script 1.
2023-10-28 06:39:31,393 INFO o.a.j.e.StandardJMeterEngine: Thread will continue on error
2023-10-28 06:39:31,393 INFO o.a.j.t.ThreadGroup: Starting thread group... number=1 threads=10 ramp-up=0 delayedStart=false
2023-10-28 06:39:31,400 INFO o.a.j.t.ThreadGroup: Started thread group number 1
2023-10-28 06:39:31,400 INFO o.a.j.e.StandardJMeterEngine: Starting ThreadGroup: 2 : Script 2
2023-10-28 06:39:31,400 INFO o.a.j.e.StandardJMeterEngine: Starting 10 threads for group Script 2.
2023-10-28 06:39:31,400 INFO o.a.j.e.StandardJMeterEngine: Thread will continue on error
2023-10-28 06:39:31,400 INFO o.a.j.t.ThreadGroup: Starting thread group... number=2 threads=10 ramp-up=0 delayedStart=false
2023-10-28 06:39:31,404 INFO o.a.j.t.ThreadGroup: Started thread group number 2
2023-10-28 06:39:31,404 INFO o.a.j.e.StandardJMeterEngine: All thread groups have been started
2023-10-28 06:39:31,446 INFO o.a.j.s.SampleResult: Note: Sample TimeStamps are START times
2023-10-28 06:39:31,447 INFO o.a.j.s.SampleResult: sampleresult.default.encoding is set to ISO-8859-1
2023-10-28 06:39:31,447 INFO o.a.j.s.SampleResult: sampleresult.useNanoTime=true
2023-10-28 06:39:31,447 INFO o.a.j.s.SampleResult: sampleresult.nanoThreadSleep=5000
2023-10-28 06:39:31,448 INFO o.a.j.t.JMeterThread: Thread started: Script 1 1-5
2023-10-28 06:39:31,448 INFO o.a.j.t.JMeterThread: Thread started: Script 1 1-6
2023-10-28 06:39:31,448 INFO o.a.j.t.JMeterThread: Thread started: Script 2 2-9
2023-10-28 06:39:31,448 INFO o.a.j.t.JMeterThread: Thread started: Script 2 2-7
2023-10-28 06:39:31,448 INFO o.a.j.t.JMeterThread: Thread started: Script 1 1-9
2023-10-28 06:39:31,448 INFO o.a.j.t.JMeterThread: Thread started: Script 1 1-3
2023-10-28 06:39:31,448 INFO o.a.j.t.JMeterThread: Thread started: Script 1 1-7
2023-10-28 06:39:31,448 INFO o.a.j.t.JMeterThread: Thread started: Script 2 2-1
2023-10-28 06:39:31,448 INFO o.a.j.t.JMeterThread: Thread started: Script 1 1-2
2023-10-28 06:39:31,448 INFO o.a.j.t.JMeterThread: Thread started: Script 2 2-6
2023-10-28 06:39:31,449 INFO o.a.j.t.JMeterThread: Thread started: Script 1 1-4
2023-10-28 06:39:31,449 INFO o.a.j.t.JMeterThread: Thread started: Script 2 2-4
2023-10-28 06:39:31,449 INFO o.a.j.t.JMeterThread: Thread started: Script 2 2-5
2023-10-28 06:39:31,449 INFO o.a.j.t.JMeterThread: Thread started: Script 2 2-2
2023-10-28 06:39:31,449 INFO o.a.j.t.JMeterThread: Thread started: Script 1 1-1
2023-10-28 06:39:31,449 INFO o.a.j.s.FileServer: Stored: search_strings.csv
2023-10-28 06:39:31,449 INFO o.a.j.t.JMeterThread: Thread started: Script 1 1-8
2023-10-28 06:39:31,449 INFO o.a.j.t.JMeterThread: Thread started: Script 2 2-8
2023-10-28 06:39:31,449 INFO o.a.j.t.JMeterThread: Thread started: Script 1 1-10
2023-10-28 06:39:31,450 INFO o.a.j.t.JMeterThread: Thread started: Script 2 2-10
2023-10-28 06:39:31,450 INFO o.a.j.t.JMeterThread: Thread started: Script 2 2-3
2023-10-28 06:40:46,480 INFO o.a.j.p.h.s.HTTPHCAbstractImpl: Local host = danxalu
2023-10-28 06:40:46,485 INFO o.a.j.p.h.s.HTTPHC4Impl: HTTP request retry count = 0
2023-10-28 06:40:46,581 INFO o.a.j.p.h.s.h.LazyLayeredConnectionSocketFactory: Setting up HTTPS TrustAll Socket Factory
2023-10-28 06:40:46,587 INFO o.a.j.u.JsseSSLManager: Using default SSL protocol: TLS
2023-10-28 06:40:46,587 INFO o.a.j.u.JsseSSLManager: SSL session context: per-thread
2023-10-28 06:40:46,848 INFO o.a.j.u.SSLManager: JmeterKeyStore Location:  type JKS
2023-10-28 06:40:46,852 INFO o.a.j.u.SSLManager: KeyStore created OK
2023-10-28 06:40:46,852 WARN o.a.j.u.SSLManager: Keystore file not found, loading empty keystore
2023-10-28 06:40:47,177 INFO o.a.j.t.JMeterThread: Thread is done: Script 1 1-7
2023-10-28 06:40:47,177 INFO o.a.j.t.JMeterThread: Thread is done: Script 1 1-6
2023-10-28 06:40:47,177 INFO o.a.j.t.JMeterThread: Thread is done: Script 1 1-2
2023-10-28 06:40:47,177 INFO o.a.j.t.JMeterThread: Thread finished: Script 1 1-6
2023-10-28 06:40:47,177 INFO o.a.j.t.JMeterThread: Thread finished: Script 1 1-2
2023-10-28 06:40:47,177 INFO o.a.j.t.JMeterThread: Thread finished: Script 1 1-7
2023-10-28 06:40:47,177 INFO o.a.j.t.JMeterThread: Thread is done: Script 1 1-3
2023-10-28 06:40:47,177 INFO o.a.j.t.JMeterThread: Thread finished: Script 1 1-3
2023-10-28 06:40:47,178 INFO o.a.j.t.JMeterThread: Thread is done: Script 1 1-5
2023-10-28 06:40:47,178 INFO o.a.j.t.JMeterThread: Thread is done: Script 1 1-9
2023-10-28 06:40:47,178 INFO o.a.j.t.JMeterThread: Thread is done: Script 1 1-8
2023-10-28 06:40:47,178 INFO o.a.j.t.JMeterThread: Thread finished: Script 1 1-5
2023-10-28 06:40:47,178 INFO o.a.j.t.JMeterThread: Thread finished: Script 1 1-8
2023-10-28 06:40:47,178 INFO o.a.j.t.JMeterThread: Thread finished: Script 1 1-9
2023-10-28 06:40:47,181 INFO o.a.j.t.JMeterThread: Thread is done: Script 1 1-10
2023-10-28 06:40:47,181 INFO o.a.j.t.JMeterThread: Thread finished: Script 1 1-10
2023-10-28 06:40:47,181 INFO o.a.j.t.JMeterThread: Thread is done: Script 1 1-1
2023-10-28 06:40:47,181 INFO o.a.j.t.JMeterThread: Thread is done: Script 1 1-4
2023-10-28 06:40:47,181 INFO o.a.j.t.JMeterThread: Thread finished: Script 1 1-1
2023-10-28 06:40:47,181 INFO o.a.j.t.JMeterThread: Thread finished: Script 1 1-4
2023-10-28 06:42:04,007 INFO o.a.j.r.Summariser: summary +     21 in 00:02:33 =    0.1/s Avg:  1035 Min:   619 Max:  1682 Err:     0 (0.00%) Active: 10 Started: 20 Finished: 10
2023-10-28 06:44:35,033 INFO o.a.j.r.Summariser: summary +     20 in 00:02:31 =    0.1/s Avg:   958 Min:   479 Max:  1851 Err:     0 (0.00%) Active: 10 Started: 20 Finished: 10
2023-10-28 06:44:35,033 INFO o.a.j.r.Summariser: summary =     41 in 00:05:04 =    0.1/s Avg:   997 Min:   479 Max:  1851 Err:     0 (0.00%)
2023-10-28 06:53:23,534 INFO o.a.j.t.JMeterThread: Thread finished: Script 2 2-6
2023-10-28 06:53:24,107 INFO o.a.j.t.JMeterThread: Thread finished: Script 2 2-3
2023-10-28 06:53:24,862 INFO o.a.j.t.JMeterThread: Thread finished: Script 2 2-10
2023-10-28 06:53:25,002 INFO o.a.j.t.JMeterThread: Thread finished: Script 2 2-5
2023-10-28 06:53:25,157 INFO o.a.j.t.JMeterThread: Thread finished: Script 2 2-7
2023-10-28 06:53:25,261 INFO o.a.j.t.JMeterThread: Thread finished: Script 2 2-2
2023-10-28 06:53:25,353 INFO o.a.j.t.JMeterThread: Thread finished: Script 2 2-9
2023-10-28 06:53:25,505 INFO o.a.j.t.JMeterThread: Thread finished: Script 2 2-1
2023-10-28 06:53:25,795 INFO o.a.j.t.JMeterThread: Thread finished: Script 2 2-8
2023-10-28 06:53:25,830 INFO o.a.j.t.JMeterThread: Thread finished: Script 2 2-4
2023-10-28 06:53:25,830 INFO o.a.j.e.StandardJMeterEngine: Notifying test listeners of end of test
2023-10-28 06:53:25,830 INFO o.a.j.s.FileServer: Close: search_strings.csv
2023-10-28 06:53:25,831 INFO o.a.j.r.Summariser: summary +     79 in 00:08:51 =    0.1/s Avg:   623 Min:   411 Max:  1592 Err:     0 (0.00%) Active: 0 Started: 20 Finished: 20
2023-10-28 06:53:25,831 INFO o.a.j.r.Summariser: summary =    120 in 00:13:54 =    0.1/s Avg:   751 Min:   411 Max:  1851 Err:     0 (0.00%)
2023-10-28 06:53:25,832 INFO o.a.j.JMeter: Generating Dashboard
2023-10-28 06:53:25,832 INFO o.a.j.r.d.ReportGenerator: Flushing result collector before report Generation
2023-10-28 06:53:25,850 INFO o.a.j.r.p.NormalizerSampleConsumer: Using format, 'ms', to parse timeStamp field
2023-10-28 06:53:25,937 INFO o.a.j.r.p.AbstractSampleConsumer: class org.apache.jmeter.report.processor.AggregateConsumer#stopProducing(): beginDate produced 0 samples
2023-10-28 06:53:25,937 INFO o.a.j.r.p.AbstractSampleConsumer: class org.apache.jmeter.report.processor.AggregateConsumer#stopProducing(): endDate produced 0 samples
2023-10-28 06:53:25,941 INFO o.a.j.r.p.AbstractSampleConsumer: class org.apache.jmeter.report.processor.ApdexSummaryConsumer#stopProducing(): apdexSummary produced 0 samples
2023-10-28 06:53:25,942 INFO o.a.j.r.p.AbstractSampleConsumer: class org.apache.jmeter.report.processor.RequestsSummaryConsumer#stopProducing(): requestsSummary produced 0 samples
2023-10-28 06:53:25,946 INFO o.a.j.r.p.AbstractSampleConsumer: class org.apache.jmeter.report.processor.StatisticsSummaryConsumer#stopProducing(): statisticsSummary produced 0 samples
2023-10-28 06:53:25,957 INFO o.a.j.r.p.AbstractSampleConsumer: class org.apache.jmeter.report.processor.Top5ErrorsBySamplerConsumer#stopProducing(): top5ErrorsBySampler produced 0 samples
2023-10-28 06:53:25,957 INFO o.a.j.r.p.AbstractSampleConsumer: class org.apache.jmeter.report.processor.ErrorsSummaryConsumer#stopProducing(): errorsSummary produced 0 samples
2023-10-28 06:53:25,957 INFO o.a.j.r.p.AbstractSampleConsumer: class org.apache.jmeter.report.processor.graph.impl.HitsPerSecondGraphConsumer#stopProducing(): hitsPerSecond produced 0 samples
2023-10-28 06:53:25,970 INFO o.a.j.r.p.AbstractSampleConsumer: class org.apache.jmeter.report.processor.graph.impl.LatencyVSRequestGraphConsumer#stopProducing(): latencyVsRequest produced 0 samples
2023-10-28 06:53:25,970 INFO o.a.j.r.p.AbstractSampleConsumer: class org.apache.jmeter.report.processor.graph.impl.SyntheticResponseTimeDistributionGraphConsumer#stopProducing(): syntheticResponseTimeDistribution produced 0 samples
2023-10-28 06:53:25,970 INFO o.a.j.r.p.AbstractSampleConsumer: class org.apache.jmeter.report.processor.graph.impl.BytesThroughputGraphConsumer#stopProducing(): bytesThroughputOverTime produced 0 samples
2023-10-28 06:53:25,970 INFO o.a.j.r.p.AbstractSampleConsumer: class org.apache.jmeter.report.processor.graph.impl.CodesPerSecondGraphConsumer#stopProducing(): codesPerSecond produced 0 samples
2023-10-28 06:53:25,976 INFO o.a.j.r.p.AbstractSampleConsumer: class org.apache.jmeter.report.processor.graph.impl.ResponseTimeVSRequestGraphConsumer#stopProducing(): responseTimeVsRequest produced 0 samples
2023-10-28 06:53:25,977 INFO o.a.j.r.p.AbstractSampleConsumer: class org.apache.jmeter.report.processor.FilterConsumer#stopProducing(): startIntervalControlerFilter produced 980 samples
2023-10-28 06:53:25,977 INFO o.a.j.r.p.AbstractSampleConsumer: class org.apache.jmeter.report.processor.graph.impl.TotalTPSGraphConsumer#stopProducing(): totalTPS produced 0 samples
2023-10-28 06:53:25,977 INFO o.a.j.r.p.AbstractSampleConsumer: class org.apache.jmeter.report.processor.graph.impl.ActiveThreadsGraphConsumer#stopProducing(): activeThreadsOverTime produced 0 samples
2023-10-28 06:53:25,977 INFO o.a.j.r.p.AbstractSampleConsumer: class org.apache.jmeter.report.processor.graph.impl.TimeVSThreadGraphConsumer#stopProducing(): timeVsThreads produced 0 samples
2023-10-28 06:53:25,977 INFO o.a.j.r.p.AbstractSampleConsumer: class org.apache.jmeter.report.processor.graph.impl.ResponseTimeDistributionGraphConsumer#stopProducing(): responseTimeDistribution produced 0 samples
2023-10-28 06:53:25,978 INFO o.a.j.r.p.AbstractSampleConsumer: class org.apache.jmeter.report.processor.graph.impl.TransactionsPerSecondGraphConsumer#stopProducing(): transactionsPerSecond produced 0 samples
2023-10-28 06:53:25,978 INFO o.a.j.r.p.AbstractSampleConsumer: class org.apache.jmeter.report.processor.graph.impl.ResponseTimePercentilesGraphConsumer#stopProducing(): responseTimePercentiles produced 0 samples
2023-10-28 06:53:25,980 INFO o.a.j.r.p.AbstractSampleConsumer: class org.apache.jmeter.report.processor.graph.impl.ResponseTimePercentilesOverTimeGraphConsumer#stopProducing(): responseTimePercentilesOverTime produced 0 samples
2023-10-28 06:53:25,980 INFO o.a.j.r.p.AbstractSampleConsumer: class org.apache.jmeter.report.processor.graph.impl.ResponseTimeOverTimeGraphConsumer#stopProducing(): responseTimesOverTime produced 0 samples
2023-10-28 06:53:25,981 INFO o.a.j.r.p.AbstractSampleConsumer: class org.apache.jmeter.report.processor.graph.impl.ConnectTimeOverTimeGraphConsumer#stopProducing(): connectTimeOverTime produced 0 samples
2023-10-28 06:53:25,981 INFO o.a.j.r.p.AbstractSampleConsumer: class org.apache.jmeter.report.processor.graph.impl.LatencyOverTimeGraphConsumer#stopProducing(): latenciesOverTime produced 0 samples
2023-10-28 06:53:25,981 INFO o.a.j.r.p.AbstractSampleConsumer: class org.apache.jmeter.report.processor.FilterConsumer#stopProducing(): nameFilter produced 4050 samples
2023-10-28 06:53:25,981 INFO o.a.j.r.p.AbstractSampleConsumer: class org.apache.jmeter.report.processor.FilterConsumer#stopProducing(): dateRangeFilter produced 810 samples
2023-10-28 06:53:25,981 INFO o.a.j.r.p.AbstractSampleConsumer: class org.apache.jmeter.report.processor.NormalizerSampleConsumer#stopProducing(): normalizer produced 270 samples
2023-10-28 06:53:25,981 INFO o.a.j.r.p.CsvFileSampleSource: produce(): 270 samples produced in 109ms on channel 0
2023-10-28 06:53:25,981 INFO o.a.j.r.d.ReportGenerator: Exporting data using exporter:'json' of className:'org.apache.jmeter.report.dashboard.JsonExporter'
2023-10-28 06:53:26,119 INFO o.a.j.r.d.JsonExporter: Found data for consumer statisticsSummary in context
2023-10-28 06:53:26,119 INFO o.a.j.r.d.JsonExporter: Creating statistics for overall
2023-10-28 06:53:26,119 INFO o.a.j.r.d.JsonExporter: Creating statistics for other transactions
2023-10-28 06:53:26,119 INFO o.a.j.r.d.JsonExporter: Checking output folder
2023-10-28 06:53:26,120 INFO o.a.j.r.d.JsonExporter: Writing statistics JSON to C:\Program Files\JMeter\bin\tests\results\statistics.json
2023-10-28 06:53:26,155 INFO o.a.j.r.d.ReportGenerator: Exporting data using exporter:'html' of className:'org.apache.jmeter.report.dashboard.HtmlTemplateExporter'
2023-10-28 06:53:26,159 INFO o.a.j.r.d.HtmlTemplateExporter: Will generate dashboard in folder: C:\Program Files\JMeter\bin\tests\results
2023-10-28 06:53:26,273 INFO o.a.j.r.d.HtmlTemplateExporter: Report will be generated in: C:\Program Files\JMeter\bin\tests\results, creating folder structure
2023-10-28 06:53:26,279 INFO o.a.j.r.d.TemplateVisitor: Copying folder from 'C:\Program Files\JMeter\bin\report-template' to 'C:\Program Files\JMeter\bin\tests\results', got message: C:\Program Files\JMeter\bin\tests\results, found non empty folder with following content [C:\Program Files\JMeter\bin\tests\results\res.csv, C:\Program Files\JMeter\bin\tests\results\statistics.json], will be ignored
2023-10-28 06:53:26,519 INFO o.a.j.JMeter: Dashboard generated
